<?xml version="1.0" encoding="UTF-8"?>
<!-- Generated by org.testng.reporters.JUnitXMLReporter -->
<testsuite ignored="0" hostname="LAPTOP-9PSLU48T" failures="0" tests="4" name="Default test" time="0.055" errors="0" timestamp="2022-09-14T05:16:17 IST">
  <testcase classname="ddt.ContactTest" name="createContactTest" time="0.009"/>
  <testcase classname="ddt.ContactTest" name="createDeleted" time="0.001"/>
  <testcase classname="ddt.ContactTest" name="createModifiedTest" time="0.001"/>
  <testcase classname="ddt.ContactTest" name="createNewContactTest" time="0.001"/>
</testsuite> <!-- Default test -->
