<?xml version="1.0" encoding="UTF-8"?>
<!-- Generated by org.testng.reporters.JUnitXMLReporter -->
<testsuite ignored="0" hostname="LAPTOP-9PSLU48T" failures="0" tests="4" name="Default test" time="0.049" errors="0" timestamp="2022-09-13T18:42:17 IST">
  <testcase classname="ddt.ContactTest" name="createContact" time="0.007"/>
  <testcase classname="ddt.ContactTest" name="createDeleted" time="0.001"/>
  <testcase classname="ddt.ContactTest" name="createModified" time="0.001"/>
  <testcase classname="ddt.ContactTest" name="createNewContact" time="0.0"/>
</testsuite> <!-- Default test -->
