<?xml version="1.0" encoding="UTF-8"?>
<!-- Generated by org.testng.reporters.JUnitXMLReporter -->
<testsuite ignored="0" hostname="LAPTOP-9PSLU48T" failures="0" tests="12" name="Test" time="0.086" errors="0" timestamp="2022-09-15T12:53:40 IST">
  <testcase classname="ddt.ContactTest" name="createContactTest" time="0.007"/>
  <testcase classname="ddt.ContactTest" name="createDeleted" time="0.001"/>
  <testcase classname="ddt.ContactTest" name="createModifiedTest" time="0.001"/>
  <testcase classname="ddt.ContactTest" name="createNewContactTest" time="0.002"/>
  <testcase classname="sampleTest.Demo1Test" name="demo1Test" time="0.002"/>
  <testcase classname="ddt.OrganizationTest" name="runTimeOrguments" time="0.001"/>
  <testcase classname="ddt.OrganizationTest" name="orgCreated" time="0.002"/>
  <testcase classname="ddt.OrganizationTest" name="orgModified" time="0.001"/>
  <testcase classname="ddt.OrganizationTest" name="orgDeleted" time="0.002"/>
  <testcase classname="sampleTest.SampleTest" name="sampleTest" time="0.002"/>
  <testcase classname="sampleTest.DemoTest" name="demoTest" time="0.001"/>
  <testcase classname="ddt.ReadDataFromCmdLineTest" name="ReadData" time="0.002"/>
</testsuite> <!-- Test -->
