<?xml version="1.0" encoding="UTF-8"?>
<!-- Generated by org.testng.reporters.JUnitXMLReporter -->
<testsuite ignored="5" hostname="LAPTOP-9PSLU48T" failures="0" tests="1" name="Test" time="0.054" errors="0" timestamp="2022-09-11T17:18:51 IST">
  <testcase classname="ddt.OrganizationTest" name="orgCreated" time="0.011"/>
  <testcase classname="ddt.OrganizationTest" name="orgDeleted" time="0.0">
    <ignored/>
  </testcase> <!-- orgDeleted -->
  <testcase classname="ddt.OrganizationTest" name="orgModified" time="0.0">
    <ignored/>
  </testcase> <!-- orgModified -->
  <testcase classname="ddt.ContactTest" name="createContact" time="0.0">
    <ignored/>
  </testcase> <!-- createContact -->
  <testcase classname="ddt.ContactTest" name="createDeleted" time="0.0">
    <ignored/>
  </testcase> <!-- createDeleted -->
  <testcase classname="ddt.ContactTest" name="createModified" time="0.0">
    <ignored/>
  </testcase> <!-- createModified -->
</testsuite> <!-- Test -->
