<?xml version="1.0" encoding="UTF-8"?>
<testng-results ignored="0" total="4" passed="4" failed="0" skipped="0">
  <reporter-output>
  </reporter-output>
  <suite started-at="2022-09-13T18:42:17 IST" name="Default suite" finished-at="2022-09-13T18:42:17 IST" duration-ms="49">
    <groups>
    </groups>
    <test started-at="2022-09-13T18:42:17 IST" name="Default test" finished-at="2022-09-13T18:42:17 IST" duration-ms="49">
      <class name="ddt.ContactTest">
        <test-method signature="createContact()[pri:0, instance:ddt.ContactTest@7671cb68]" started-at="2022-09-13T18:42:17 IST" name="createContact" finished-at="2022-09-13T18:42:17 IST" duration-ms="7" status="PASS">
          <reporter-output>
          </reporter-output>
        </test-method> <!-- createContact -->
        <test-method signature="createDeleted()[pri:0, instance:ddt.ContactTest@7671cb68]" started-at="2022-09-13T18:42:17 IST" name="createDeleted" finished-at="2022-09-13T18:42:17 IST" duration-ms="1" status="PASS">
          <reporter-output>
          </reporter-output>
        </test-method> <!-- createDeleted -->
        <test-method signature="createModified()[pri:0, instance:ddt.ContactTest@7671cb68]" started-at="2022-09-13T18:42:17 IST" name="createModified" finished-at="2022-09-13T18:42:17 IST" duration-ms="1" status="PASS">
          <reporter-output>
          </reporter-output>
        </test-method> <!-- createModified -->
        <test-method signature="createNewContact()[pri:0, instance:ddt.ContactTest@7671cb68]" started-at="2022-09-13T18:42:17 IST" name="createNewContact" finished-at="2022-09-13T18:42:17 IST" duration-ms="0" status="PASS">
          <reporter-output>
          </reporter-output>
        </test-method> <!-- createNewContact -->
      </class> <!-- ddt.ContactTest -->
    </test> <!-- Default test -->
  </suite> <!-- Default suite -->
</testng-results>
